2015-05-12 11:13:36 Error: Fatal Error (4): syntax error, unexpected '?>', expecting function (T_FUNCTION) in [/opt/lampp/htdocs/ev-frontend/app/Controller/StudentsController.php, line 45]
2015-05-12 11:13:36 Error: [FatalErrorException] syntax error, unexpected '?>', expecting function (T_FUNCTION)
Request URL: /ev-frontend/students
Stack Trace:
#0 /opt/lampp/htdocs/ev-frontend/lib/Cake/Error/ErrorHandler.php(213): ErrorHandler::handleFatalError(4, 'syntax error, u...', '/opt/lampp/htdo...', 45)
#1 [internal function]: ErrorHandler::handleError(4, 'syntax error, u...', '/opt/lampp/htdo...', 45, Array)
#2 /opt/lampp/htdocs/ev-frontend/lib/Cake/Core/App.php(931): call_user_func('ErrorHandler::h...', 4, 'syntax error, u...', '/opt/lampp/htdo...', 45, Array)
#3 /opt/lampp/htdocs/ev-frontend/lib/Cake/Core/App.php(904): App::_checkFatalError()
#4 [internal function]: App::shutdown()
#5 {main}
2015-05-12 11:14:22 Error: [MissingDatasourceConfigException] The datasource configuration "default" was not found in database.php
Exception Attributes: array (
  'config' => 'default',
)
Request URL: /ev-frontend/students/register
Stack Trace:
#0 /opt/lampp/htdocs/ev-frontend/lib/Cake/Model/ConnectionManager.php(91): ConnectionManager::_getConnectionObject('default')
#1 /opt/lampp/htdocs/ev-frontend/lib/Cake/Model/Model.php(3617): ConnectionManager::getDataSource('default')
#2 /opt/lampp/htdocs/ev-frontend/lib/Cake/Model/Model.php(1155): Model->setDataSource('default')
#3 /opt/lampp/htdocs/ev-frontend/lib/Cake/Model/Model.php(3644): Model->setSource('students')
#4 /opt/lampp/htdocs/ev-frontend/lib/Cake/Model/Model.php(1387): Model->getDataSource()
#5 /opt/lampp/htdocs/ev-frontend/lib/Cake/View/Helper/FormHelper.php(215): Model->schema()
#6 /opt/lampp/htdocs/ev-frontend/lib/Cake/View/Helper/FormHelper.php(468): FormHelper->_introspectModel('Student', 'fields')
#7 /opt/lampp/htdocs/ev-frontend/app/View/Students/register.ctp(8): FormHelper->create('Student', Array)
#8 /opt/lampp/htdocs/ev-frontend/lib/Cake/View/View.php(961): include('/opt/lampp/htdo...')
#9 /opt/lampp/htdocs/ev-frontend/lib/Cake/View/View.php(923): View->_evaluate('/opt/lampp/htdo...', Array)
#10 /opt/lampp/htdocs/ev-frontend/lib/Cake/View/View.php(473): View->_render('/opt/lampp/htdo...')
#11 /opt/lampp/htdocs/ev-frontend/lib/Cake/Controller/Controller.php(960): View->render(NULL, NULL)
#12 /opt/lampp/htdocs/ev-frontend/lib/Cake/Routing/Dispatcher.php(200): Controller->render()
#13 /opt/lampp/htdocs/ev-frontend/lib/Cake/Routing/Dispatcher.php(167): Dispatcher->_invoke(Object(StudentsController), Object(CakeRequest))
#14 /opt/lampp/htdocs/ev-frontend/app/webroot/index.php(118): Dispatcher->dispatch(Object(CakeRequest), Object(CakeResponse))
#15 {main}
2015-05-12 11:15:35 Error: [MissingDatasourceConfigException] The datasource configuration "default" was not found in database.php
Exception Attributes: array (
  'config' => 'default',
)
Request URL: /ev-frontend/students/register
Stack Trace:
#0 /opt/lampp/htdocs/ev-frontend/lib/Cake/Model/ConnectionManager.php(91): ConnectionManager::_getConnectionObject('default')
#1 /opt/lampp/htdocs/ev-frontend/lib/Cake/Model/Model.php(3617): ConnectionManager::getDataSource('default')
#2 /opt/lampp/htdocs/ev-frontend/lib/Cake/Model/Model.php(1155): Model->setDataSource('default')
#3 /opt/lampp/htdocs/ev-frontend/lib/Cake/Model/Model.php(3644): Model->setSource('students')
#4 /opt/lampp/htdocs/ev-frontend/lib/Cake/Model/Model.php(1387): Model->getDataSource()
#5 /opt/lampp/htdocs/ev-frontend/lib/Cake/View/Helper/FormHelper.php(215): Model->schema()
#6 /opt/lampp/htdocs/ev-frontend/lib/Cake/View/Helper/FormHelper.php(468): FormHelper->_introspectModel('Student', 'fields')
#7 /opt/lampp/htdocs/ev-frontend/app/View/Students/register.ctp(8): FormHelper->create('Student', Array)
#8 /opt/lampp/htdocs/ev-frontend/lib/Cake/View/View.php(961): include('/opt/lampp/htdo...')
#9 /opt/lampp/htdocs/ev-frontend/lib/Cake/View/View.php(923): View->_evaluate('/opt/lampp/htdo...', Array)
#10 /opt/lampp/htdocs/ev-frontend/lib/Cake/View/View.php(473): View->_render('/opt/lampp/htdo...')
#11 /opt/lampp/htdocs/ev-frontend/lib/Cake/Controller/Controller.php(960): View->render(NULL, NULL)
#12 /opt/lampp/htdocs/ev-frontend/lib/Cake/Routing/Dispatcher.php(200): Controller->render()
#13 /opt/lampp/htdocs/ev-frontend/lib/Cake/Routing/Dispatcher.php(167): Dispatcher->_invoke(Object(StudentsController), Object(CakeRequest))
#14 /opt/lampp/htdocs/ev-frontend/app/webroot/index.php(118): Dispatcher->dispatch(Object(CakeRequest), Object(CakeResponse))
#15 {main}
2015-05-12 11:15:50 Error: [MissingTableException] Table students for model Student was not found in datasource default.
Exception Attributes: array (
  'table' => 'students',
  'class' => 'Student',
  'ds' => 'default',
)
Request URL: /ev-frontend/students/register
Stack Trace:
#0 /opt/lampp/htdocs/ev-frontend/lib/Cake/Model/Model.php(3644): Model->setSource('students')
#1 /opt/lampp/htdocs/ev-frontend/lib/Cake/Model/Model.php(1387): Model->getDataSource()
#2 /opt/lampp/htdocs/ev-frontend/lib/Cake/View/Helper/FormHelper.php(215): Model->schema()
#3 /opt/lampp/htdocs/ev-frontend/lib/Cake/View/Helper/FormHelper.php(468): FormHelper->_introspectModel('Student', 'fields')
#4 /opt/lampp/htdocs/ev-frontend/app/View/Students/register.ctp(8): FormHelper->create('Student', Array)
#5 /opt/lampp/htdocs/ev-frontend/lib/Cake/View/View.php(961): include('/opt/lampp/htdo...')
#6 /opt/lampp/htdocs/ev-frontend/lib/Cake/View/View.php(923): View->_evaluate('/opt/lampp/htdo...', Array)
#7 /opt/lampp/htdocs/ev-frontend/lib/Cake/View/View.php(473): View->_render('/opt/lampp/htdo...')
#8 /opt/lampp/htdocs/ev-frontend/lib/Cake/Controller/Controller.php(960): View->render(NULL, NULL)
#9 /opt/lampp/htdocs/ev-frontend/lib/Cake/Routing/Dispatcher.php(200): Controller->render()
#10 /opt/lampp/htdocs/ev-frontend/lib/Cake/Routing/Dispatcher.php(167): Dispatcher->_invoke(Object(StudentsController), Object(CakeRequest))
#11 /opt/lampp/htdocs/ev-frontend/app/webroot/index.php(118): Dispatcher->dispatch(Object(CakeRequest), Object(CakeResponse))
#12 {main}
2015-05-12 11:23:19 Error: [MissingControllerException] Controller class UsersController could not be found.
Exception Attributes: array (
  'class' => 'UsersController',
  'plugin' => NULL,
)
Request URL: /ev-frontend/users/login
Stack Trace:
#0 /opt/lampp/htdocs/ev-frontend/app/webroot/index.php(118): Dispatcher->dispatch(Object(CakeRequest), Object(CakeResponse))
#1 {main}
2015-05-12 11:25:25 Error: [MissingControllerException] Controller class UsersController could not be found.
Exception Attributes: array (
  'class' => 'UsersController',
  'plugin' => NULL,
)
Request URL: /ev-frontend/users/login
Stack Trace:
#0 /opt/lampp/htdocs/ev-frontend/app/webroot/index.php(118): Dispatcher->dispatch(Object(CakeRequest), Object(CakeResponse))
#1 {main}
2015-05-12 11:26:27 Error: [MissingControllerException] Controller class UsersController could not be found.
Exception Attributes: array (
  'class' => 'UsersController',
  'plugin' => NULL,
)
Request URL: /ev-frontend/users/login
Stack Trace:
#0 /opt/lampp/htdocs/ev-frontend/app/webroot/index.php(118): Dispatcher->dispatch(Object(CakeRequest), Object(CakeResponse))
#1 {main}
2015-05-12 11:27:01 Error: [MissingControllerException] Controller class UsersController could not be found.
Exception Attributes: array (
  'class' => 'UsersController',
  'plugin' => NULL,
)
Request URL: /ev-frontend/users/login
Stack Trace:
#0 /opt/lampp/htdocs/ev-frontend/app/webroot/index.php(118): Dispatcher->dispatch(Object(CakeRequest), Object(CakeResponse))
#1 {main}
2015-05-12 11:27:07 Error: [MissingControllerException] Controller class UsersController could not be found.
Exception Attributes: array (
  'class' => 'UsersController',
  'plugin' => NULL,
)
Request URL: /ev-frontend/users/login
Stack Trace:
#0 /opt/lampp/htdocs/ev-frontend/app/webroot/index.php(118): Dispatcher->dispatch(Object(CakeRequest), Object(CakeResponse))
#1 {main}
2015-05-12 11:29:24 Error: [MissingControllerException] Controller class UsersController could not be found.
Exception Attributes: array (
  'class' => 'UsersController',
  'plugin' => NULL,
)
Request URL: /ev-frontend/users/login
Stack Trace:
#0 /opt/lampp/htdocs/ev-frontend/app/webroot/index.php(118): Dispatcher->dispatch(Object(CakeRequest), Object(CakeResponse))
#1 {main}
2015-05-12 11:29:31 Error: [MissingControllerException] Controller class UsersController could not be found.
Exception Attributes: array (
  'class' => 'UsersController',
  'plugin' => NULL,
)
Request URL: /ev-frontend/users/login
Stack Trace:
#0 /opt/lampp/htdocs/ev-frontend/app/webroot/index.php(118): Dispatcher->dispatch(Object(CakeRequest), Object(CakeResponse))
#1 {main}
2015-05-12 11:33:40 Error: [MissingControllerException] Controller class UsersController could not be found.
Exception Attributes: array (
  'class' => 'UsersController',
  'plugin' => NULL,
)
Request URL: /ev-frontend/users/login
Stack Trace:
#0 /opt/lampp/htdocs/ev-frontend/app/webroot/index.php(118): Dispatcher->dispatch(Object(CakeRequest), Object(CakeResponse))
#1 {main}
2015-05-12 11:33:45 Error: [MissingControllerException] Controller class UsersController could not be found.
Exception Attributes: array (
  'class' => 'UsersController',
  'plugin' => NULL,
)
Request URL: /ev-frontend/users/login
Stack Trace:
#0 /opt/lampp/htdocs/ev-frontend/app/webroot/index.php(118): Dispatcher->dispatch(Object(CakeRequest), Object(CakeResponse))
#1 {main}
2015-05-12 11:36:06 Error: [MissingControllerException] Controller class UsersController could not be found.
Exception Attributes: array (
  'class' => 'UsersController',
  'plugin' => NULL,
)
Request URL: /ev-frontend/users/login
Stack Trace:
#0 /opt/lampp/htdocs/ev-frontend/app/webroot/index.php(118): Dispatcher->dispatch(Object(CakeRequest), Object(CakeResponse))
#1 {main}
2015-05-12 11:36:12 Error: [MissingControllerException] Controller class UsersController could not be found.
Exception Attributes: array (
  'class' => 'UsersController',
  'plugin' => NULL,
)
Request URL: /ev-frontend/users/login
Stack Trace:
#0 /opt/lampp/htdocs/ev-frontend/app/webroot/index.php(118): Dispatcher->dispatch(Object(CakeRequest), Object(CakeResponse))
#1 {main}
2015-05-12 11:38:12 Error: [MissingControllerException] Controller class UsersController could not be found.
Exception Attributes: array (
  'class' => 'UsersController',
  'plugin' => NULL,
)
Request URL: /ev-frontend/users/login
Stack Trace:
#0 /opt/lampp/htdocs/ev-frontend/app/webroot/index.php(118): Dispatcher->dispatch(Object(CakeRequest), Object(CakeResponse))
#1 {main}
2015-05-12 11:38:18 Error: [MissingControllerException] Controller class UsersController could not be found.
Exception Attributes: array (
  'class' => 'UsersController',
  'plugin' => NULL,
)
Request URL: /ev-frontend/users/login
Stack Trace:
#0 /opt/lampp/htdocs/ev-frontend/app/webroot/index.php(118): Dispatcher->dispatch(Object(CakeRequest), Object(CakeResponse))
#1 {main}
2015-05-12 11:43:10 Error: [MissingControllerException] Controller class UsersController could not be found.
Exception Attributes: array (
  'class' => 'UsersController',
  'plugin' => NULL,
)
Request URL: /ev-frontend/users/login
Stack Trace:
#0 /opt/lampp/htdocs/ev-frontend/app/webroot/index.php(118): Dispatcher->dispatch(Object(CakeRequest), Object(CakeResponse))
#1 {main}
2015-05-12 11:43:10 Error: Fatal Error (4): syntax error, unexpected ')', expecting ',' or ';' in [/opt/lampp/htdocs/ev-frontend/app/Controller/AppController.php, line 45]
2015-05-12 11:43:10 Error: [FatalErrorException] syntax error, unexpected ')', expecting ',' or ';'
Request URL: /ev-frontend/users/login
Stack Trace:
#0 /opt/lampp/htdocs/ev-frontend/lib/Cake/Error/ErrorHandler.php(213): ErrorHandler::handleFatalError(4, 'syntax error, u...', '/opt/lampp/htdo...', 45)
#1 [internal function]: ErrorHandler::handleError(4, 'syntax error, u...', '/opt/lampp/htdo...', 45, Array)
#2 /opt/lampp/htdocs/ev-frontend/lib/Cake/Core/App.php(931): call_user_func('ErrorHandler::h...', 4, 'syntax error, u...', '/opt/lampp/htdo...', 45, Array)
#3 /opt/lampp/htdocs/ev-frontend/lib/Cake/Core/App.php(904): App::_checkFatalError()
#4 [internal function]: App::shutdown()
#5 {main}
2015-05-12 11:43:38 Error: [MissingControllerException] Controller class UsersController could not be found.
Exception Attributes: array (
  'class' => 'UsersController',
  'plugin' => NULL,
)
Request URL: /ev-frontend/users/login
Stack Trace:
#0 /opt/lampp/htdocs/ev-frontend/app/webroot/index.php(118): Dispatcher->dispatch(Object(CakeRequest), Object(CakeResponse))
#1 {main}
2015-05-12 11:43:38 Error: Fatal Error (4): syntax error, unexpected 'public' (T_PUBLIC) in [/opt/lampp/htdocs/ev-frontend/app/Controller/AppController.php, line 48]
2015-05-12 11:43:38 Error: [FatalErrorException] syntax error, unexpected 'public' (T_PUBLIC)
Request URL: /ev-frontend/users/login
Stack Trace:
#0 /opt/lampp/htdocs/ev-frontend/lib/Cake/Error/ErrorHandler.php(213): ErrorHandler::handleFatalError(4, 'syntax error, u...', '/opt/lampp/htdo...', 48)
#1 [internal function]: ErrorHandler::handleError(4, 'syntax error, u...', '/opt/lampp/htdo...', 48, Array)
#2 /opt/lampp/htdocs/ev-frontend/lib/Cake/Core/App.php(931): call_user_func('ErrorHandler::h...', 4, 'syntax error, u...', '/opt/lampp/htdo...', 48, Array)
#3 /opt/lampp/htdocs/ev-frontend/lib/Cake/Core/App.php(904): App::_checkFatalError()
#4 [internal function]: App::shutdown()
#5 {main}
2015-05-12 11:43:52 Error: [MissingControllerException] Controller class UsersController could not be found.
Exception Attributes: array (
  'class' => 'UsersController',
  'plugin' => NULL,
)
Request URL: /ev-frontend/users/login
Stack Trace:
#0 /opt/lampp/htdocs/ev-frontend/app/webroot/index.php(118): Dispatcher->dispatch(Object(CakeRequest), Object(CakeResponse))
#1 {main}
2015-05-12 11:44:03 Error: [MissingControllerException] Controller class UsersController could not be found.
Exception Attributes: array (
  'class' => 'UsersController',
  'plugin' => NULL,
)
Request URL: /ev-frontend/users/login
Stack Trace:
#0 /opt/lampp/htdocs/ev-frontend/app/webroot/index.php(118): Dispatcher->dispatch(Object(CakeRequest), Object(CakeResponse))
#1 {main}
2015-05-12 11:44:03 Error: Fatal Error (4): syntax error, unexpected ')', expecting ',' or ';' in [/opt/lampp/htdocs/ev-frontend/app/Controller/AppController.php, line 45]
2015-05-12 11:44:03 Error: [FatalErrorException] syntax error, unexpected ')', expecting ',' or ';'
Request URL: /ev-frontend/users/login
Stack Trace:
#0 /opt/lampp/htdocs/ev-frontend/lib/Cake/Error/ErrorHandler.php(213): ErrorHandler::handleFatalError(4, 'syntax error, u...', '/opt/lampp/htdo...', 45)
#1 [internal function]: ErrorHandler::handleError(4, 'syntax error, u...', '/opt/lampp/htdo...', 45, Array)
#2 /opt/lampp/htdocs/ev-frontend/lib/Cake/Core/App.php(931): call_user_func('ErrorHandler::h...', 4, 'syntax error, u...', '/opt/lampp/htdo...', 45, Array)
#3 /opt/lampp/htdocs/ev-frontend/lib/Cake/Core/App.php(904): App::_checkFatalError()
#4 [internal function]: App::shutdown()
#5 {main}
2015-05-12 11:44:12 Error: [MissingControllerException] Controller class UsersController could not be found.
Exception Attributes: array (
  'class' => 'UsersController',
  'plugin' => NULL,
)
Request URL: /ev-frontend/users/login
Stack Trace:
#0 /opt/lampp/htdocs/ev-frontend/app/webroot/index.php(118): Dispatcher->dispatch(Object(CakeRequest), Object(CakeResponse))
#1 {main}
2015-05-12 11:48:35 Error: [MissingControllerException] Controller class UsersController could not be found.
Exception Attributes: array (
  'class' => 'UsersController',
  'plugin' => NULL,
)
Request URL: /ev-frontend/users/login
Stack Trace:
#0 /opt/lampp/htdocs/ev-frontend/app/webroot/index.php(118): Dispatcher->dispatch(Object(CakeRequest), Object(CakeResponse))
#1 {main}
2015-05-12 11:48:43 Error: [MissingControllerException] Controller class UsersController could not be found.
Exception Attributes: array (
  'class' => 'UsersController',
  'plugin' => NULL,
)
Request URL: /ev-frontend/users/login
Stack Trace:
#0 /opt/lampp/htdocs/ev-frontend/app/webroot/index.php(118): Dispatcher->dispatch(Object(CakeRequest), Object(CakeResponse))
#1 {main}
2015-05-12 11:49:43 Error: [MissingControllerException] Controller class UsersController could not be found.
Exception Attributes: array (
  'class' => 'UsersController',
  'plugin' => NULL,
)
Request URL: /ev-frontend/users/login
Stack Trace:
#0 /opt/lampp/htdocs/ev-frontend/app/webroot/index.php(118): Dispatcher->dispatch(Object(CakeRequest), Object(CakeResponse))
#1 {main}
2015-05-12 11:50:29 Error: [MissingControllerException] Controller class UsersController could not be found.
Exception Attributes: array (
  'class' => 'UsersController',
  'plugin' => NULL,
)
Request URL: /ev-frontend/users/login
Stack Trace:
#0 /opt/lampp/htdocs/ev-frontend/app/webroot/index.php(118): Dispatcher->dispatch(Object(CakeRequest), Object(CakeResponse))
#1 {main}
2015-05-12 11:50:29 Error: Fatal Error (4): syntax error, unexpected ')', expecting ',' or ';' in [/opt/lampp/htdocs/ev-frontend/app/Controller/AppController.php, line 47]
2015-05-12 11:50:29 Error: [FatalErrorException] syntax error, unexpected ')', expecting ',' or ';'
Request URL: /ev-frontend/users/login
Stack Trace:
#0 /opt/lampp/htdocs/ev-frontend/lib/Cake/Error/ErrorHandler.php(213): ErrorHandler::handleFatalError(4, 'syntax error, u...', '/opt/lampp/htdo...', 47)
#1 [internal function]: ErrorHandler::handleError(4, 'syntax error, u...', '/opt/lampp/htdo...', 47, Array)
#2 /opt/lampp/htdocs/ev-frontend/lib/Cake/Core/App.php(931): call_user_func('ErrorHandler::h...', 4, 'syntax error, u...', '/opt/lampp/htdo...', 47, Array)
#3 /opt/lampp/htdocs/ev-frontend/lib/Cake/Core/App.php(904): App::_checkFatalError()
#4 [internal function]: App::shutdown()
#5 {main}
2015-05-12 11:50:40 Error: [MissingControllerException] Controller class UsersController could not be found.
Exception Attributes: array (
  'class' => 'UsersController',
  'plugin' => NULL,
)
Request URL: /ev-frontend/users/login
Stack Trace:
#0 /opt/lampp/htdocs/ev-frontend/app/webroot/index.php(118): Dispatcher->dispatch(Object(CakeRequest), Object(CakeResponse))
#1 {main}
2015-05-12 11:57:07 Error: [MissingControllerException] Controller class UsersController could not be found.
Exception Attributes: array (
  'class' => 'UsersController',
  'plugin' => NULL,
)
Request URL: /ev-frontend/users/login
Stack Trace:
#0 /opt/lampp/htdocs/ev-frontend/app/webroot/index.php(118): Dispatcher->dispatch(Object(CakeRequest), Object(CakeResponse))
#1 {main}
2015-05-12 11:57:25 Error: [MissingControllerException] Controller class UsersController could not be found.
Exception Attributes: array (
  'class' => 'UsersController',
  'plugin' => NULL,
)
Request URL: /ev-frontend/users/login
Stack Trace:
#0 /opt/lampp/htdocs/ev-frontend/app/webroot/index.php(118): Dispatcher->dispatch(Object(CakeRequest), Object(CakeResponse))
#1 {main}
2015-05-12 12:06:42 Error: [MissingControllerException] Controller class UsersController could not be found.
Exception Attributes: array (
  'class' => 'UsersController',
  'plugin' => NULL,
)
Request URL: /ev-frontend/users/login
Stack Trace:
#0 /opt/lampp/htdocs/ev-frontend/app/webroot/index.php(118): Dispatcher->dispatch(Object(CakeRequest), Object(CakeResponse))
#1 {main}
2015-05-12 12:06:42 Error: Fatal Error (4): syntax error, unexpected ')', expecting ',' or ';' in [/opt/lampp/htdocs/ev-frontend/app/Controller/AppController.php, line 47]
2015-05-12 12:06:42 Error: [FatalErrorException] syntax error, unexpected ')', expecting ',' or ';'
Request URL: /ev-frontend/users/login
Stack Trace:
#0 /opt/lampp/htdocs/ev-frontend/lib/Cake/Error/ErrorHandler.php(213): ErrorHandler::handleFatalError(4, 'syntax error, u...', '/opt/lampp/htdo...', 47)
#1 [internal function]: ErrorHandler::handleError(4, 'syntax error, u...', '/opt/lampp/htdo...', 47, Array)
#2 /opt/lampp/htdocs/ev-frontend/lib/Cake/Core/App.php(931): call_user_func('ErrorHandler::h...', 4, 'syntax error, u...', '/opt/lampp/htdo...', 47, Array)
#3 /opt/lampp/htdocs/ev-frontend/lib/Cake/Core/App.php(904): App::_checkFatalError()
#4 [internal function]: App::shutdown()
#5 {main}
2015-05-12 12:06:53 Error: [MissingControllerException] Controller class UsersController could not be found.
Exception Attributes: array (
  'class' => 'UsersController',
  'plugin' => NULL,
)
Request URL: /ev-frontend/users/login
Stack Trace:
#0 /opt/lampp/htdocs/ev-frontend/app/webroot/index.php(118): Dispatcher->dispatch(Object(CakeRequest), Object(CakeResponse))
#1 {main}
2015-05-12 12:09:03 Error: [MissingControllerException] Controller class UsersController could not be found.
Exception Attributes: array (
  'class' => 'UsersController',
  'plugin' => NULL,
)
Request URL: /ev-frontend/users/login
Stack Trace:
#0 /opt/lampp/htdocs/ev-frontend/app/webroot/index.php(118): Dispatcher->dispatch(Object(CakeRequest), Object(CakeResponse))
#1 {main}
2015-05-12 12:09:36 Error: [CakeException] Authentication adapter "User" was not found.
Request URL: /ev-frontend/students/login
Stack Trace:
#0 /opt/lampp/htdocs/ev-frontend/lib/Cake/Controller/Component/AuthComponent.php(685): AuthComponent->constructAuthenticate()
#1 /opt/lampp/htdocs/ev-frontend/lib/Cake/Controller/Component/AuthComponent.php(304): AuthComponent->_getUser()
#2 [internal function]: AuthComponent->startup(Object(StudentsController))
#3 /opt/lampp/htdocs/ev-frontend/lib/Cake/Utility/ObjectCollection.php(128): call_user_func_array(Array, Array)
#4 [internal function]: ObjectCollection->trigger(Object(CakeEvent))
#5 /opt/lampp/htdocs/ev-frontend/lib/Cake/Event/CakeEventManager.php(243): call_user_func(Array, Object(CakeEvent))
#6 /opt/lampp/htdocs/ev-frontend/lib/Cake/Controller/Controller.php(677): CakeEventManager->dispatch(Object(CakeEvent))
#7 /opt/lampp/htdocs/ev-frontend/lib/Cake/Routing/Dispatcher.php(189): Controller->startupProcess()
#8 /opt/lampp/htdocs/ev-frontend/lib/Cake/Routing/Dispatcher.php(167): Dispatcher->_invoke(Object(StudentsController), Object(CakeRequest))
#9 /opt/lampp/htdocs/ev-frontend/app/webroot/index.php(118): Dispatcher->dispatch(Object(CakeRequest), Object(CakeResponse))
#10 {main}
2015-05-12 12:10:07 Error: [CakeException] Authentication adapter "Student" was not found.
Request URL: /ev-frontend/students/login
Stack Trace:
#0 /opt/lampp/htdocs/ev-frontend/lib/Cake/Controller/Component/AuthComponent.php(685): AuthComponent->constructAuthenticate()
#1 /opt/lampp/htdocs/ev-frontend/lib/Cake/Controller/Component/AuthComponent.php(304): AuthComponent->_getUser()
#2 [internal function]: AuthComponent->startup(Object(StudentsController))
#3 /opt/lampp/htdocs/ev-frontend/lib/Cake/Utility/ObjectCollection.php(128): call_user_func_array(Array, Array)
#4 [internal function]: ObjectCollection->trigger(Object(CakeEvent))
#5 /opt/lampp/htdocs/ev-frontend/lib/Cake/Event/CakeEventManager.php(243): call_user_func(Array, Object(CakeEvent))
#6 /opt/lampp/htdocs/ev-frontend/lib/Cake/Controller/Controller.php(677): CakeEventManager->dispatch(Object(CakeEvent))
#7 /opt/lampp/htdocs/ev-frontend/lib/Cake/Routing/Dispatcher.php(189): Controller->startupProcess()
#8 /opt/lampp/htdocs/ev-frontend/lib/Cake/Routing/Dispatcher.php(167): Dispatcher->_invoke(Object(StudentsController), Object(CakeRequest))
#9 /opt/lampp/htdocs/ev-frontend/app/webroot/index.php(118): Dispatcher->dispatch(Object(CakeRequest), Object(CakeResponse))
#10 {main}
2015-05-12 12:12:35 Error: [MissingActionException] Action StudentsController::logn() could not be found.
Exception Attributes: array (
  'controller' => 'StudentsController',
  'action' => 'logn',
)
Request URL: /ev-frontend/students/logn
Stack Trace:
#0 /opt/lampp/htdocs/ev-frontend/lib/Cake/Routing/Dispatcher.php(193): Controller->invokeAction(Object(CakeRequest))
#1 /opt/lampp/htdocs/ev-frontend/lib/Cake/Routing/Dispatcher.php(167): Dispatcher->_invoke(Object(StudentsController), Object(CakeRequest))
#2 /opt/lampp/htdocs/ev-frontend/app/webroot/index.php(118): Dispatcher->dispatch(Object(CakeRequest), Object(CakeResponse))
#3 {main}
2015-05-12 12:13:46 Error: [MissingActionException] Action StudentsController::logn() could not be found.
Exception Attributes: array (
  'controller' => 'StudentsController',
  'action' => 'logn',
)
Request URL: /ev-frontend/students/logn
Stack Trace:
#0 /opt/lampp/htdocs/ev-frontend/lib/Cake/Routing/Dispatcher.php(193): Controller->invokeAction(Object(CakeRequest))
#1 /opt/lampp/htdocs/ev-frontend/lib/Cake/Routing/Dispatcher.php(167): Dispatcher->_invoke(Object(StudentsController), Object(CakeRequest))
#2 /opt/lampp/htdocs/ev-frontend/app/webroot/index.php(118): Dispatcher->dispatch(Object(CakeRequest), Object(CakeResponse))
#3 {main}
2015-05-12 12:13:59 Error: [CakeException] Authentication adapter "Student" was not found.
Request URL: /ev-frontend/students/login
Stack Trace:
#0 /opt/lampp/htdocs/ev-frontend/lib/Cake/Controller/Component/AuthComponent.php(685): AuthComponent->constructAuthenticate()
#1 /opt/lampp/htdocs/ev-frontend/lib/Cake/Controller/Component/AuthComponent.php(304): AuthComponent->_getUser()
#2 [internal function]: AuthComponent->startup(Object(StudentsController))
#3 /opt/lampp/htdocs/ev-frontend/lib/Cake/Utility/ObjectCollection.php(128): call_user_func_array(Array, Array)
#4 [internal function]: ObjectCollection->trigger(Object(CakeEvent))
#5 /opt/lampp/htdocs/ev-frontend/lib/Cake/Event/CakeEventManager.php(243): call_user_func(Array, Object(CakeEvent))
#6 /opt/lampp/htdocs/ev-frontend/lib/Cake/Controller/Controller.php(677): CakeEventManager->dispatch(Object(CakeEvent))
#7 /opt/lampp/htdocs/ev-frontend/lib/Cake/Routing/Dispatcher.php(189): Controller->startupProcess()
#8 /opt/lampp/htdocs/ev-frontend/lib/Cake/Routing/Dispatcher.php(167): Dispatcher->_invoke(Object(StudentsController), Object(CakeRequest))
#9 /opt/lampp/htdocs/ev-frontend/app/webroot/index.php(118): Dispatcher->dispatch(Object(CakeRequest), Object(CakeResponse))
#10 {main}
2015-05-12 12:21:44 Error: [CakeException] Authentication adapter "Student" was not found.
Request URL: /ev-frontend/students/login
Stack Trace:
#0 /opt/lampp/htdocs/ev-frontend/lib/Cake/Controller/Component/AuthComponent.php(685): AuthComponent->constructAuthenticate()
#1 /opt/lampp/htdocs/ev-frontend/lib/Cake/Controller/Component/AuthComponent.php(304): AuthComponent->_getUser()
#2 [internal function]: AuthComponent->startup(Object(StudentsController))
#3 /opt/lampp/htdocs/ev-frontend/lib/Cake/Utility/ObjectCollection.php(128): call_user_func_array(Array, Array)
#4 [internal function]: ObjectCollection->trigger(Object(CakeEvent))
#5 /opt/lampp/htdocs/ev-frontend/lib/Cake/Event/CakeEventManager.php(243): call_user_func(Array, Object(CakeEvent))
#6 /opt/lampp/htdocs/ev-frontend/lib/Cake/Controller/Controller.php(677): CakeEventManager->dispatch(Object(CakeEvent))
#7 /opt/lampp/htdocs/ev-frontend/lib/Cake/Routing/Dispatcher.php(189): Controller->startupProcess()
#8 /opt/lampp/htdocs/ev-frontend/lib/Cake/Routing/Dispatcher.php(167): Dispatcher->_invoke(Object(StudentsController), Object(CakeRequest))
#9 /opt/lampp/htdocs/ev-frontend/app/webroot/index.php(118): Dispatcher->dispatch(Object(CakeRequest), Object(CakeResponse))
#10 {main}
2015-05-12 12:22:15 Error: [CakeException] Authentication adapter "Student" was not found.
Request URL: /ev-frontend/students/login
Stack Trace:
#0 /opt/lampp/htdocs/ev-frontend/lib/Cake/Controller/Component/AuthComponent.php(685): AuthComponent->constructAuthenticate()
#1 /opt/lampp/htdocs/ev-frontend/lib/Cake/Controller/Component/AuthComponent.php(304): AuthComponent->_getUser()
#2 [internal function]: AuthComponent->startup(Object(StudentsController))
#3 /opt/lampp/htdocs/ev-frontend/lib/Cake/Utility/ObjectCollection.php(128): call_user_func_array(Array, Array)
#4 [internal function]: ObjectCollection->trigger(Object(CakeEvent))
#5 /opt/lampp/htdocs/ev-frontend/lib/Cake/Event/CakeEventManager.php(243): call_user_func(Array, Object(CakeEvent))
#6 /opt/lampp/htdocs/ev-frontend/lib/Cake/Controller/Controller.php(677): CakeEventManager->dispatch(Object(CakeEvent))
#7 /opt/lampp/htdocs/ev-frontend/lib/Cake/Routing/Dispatcher.php(189): Controller->startupProcess()
#8 /opt/lampp/htdocs/ev-frontend/lib/Cake/Routing/Dispatcher.php(167): Dispatcher->_invoke(Object(StudentsController), Object(CakeRequest))
#9 /opt/lampp/htdocs/ev-frontend/app/webroot/index.php(118): Dispatcher->dispatch(Object(CakeRequest), Object(CakeResponse))
#10 {main}
2015-05-12 12:22:50 Error: [MissingControllerException] Controller class UsersController could not be found.
Exception Attributes: array (
  'class' => 'UsersController',
  'plugin' => NULL,
)
Request URL: /ev-frontend/users/login
Stack Trace:
#0 /opt/lampp/htdocs/ev-frontend/app/webroot/index.php(118): Dispatcher->dispatch(Object(CakeRequest), Object(CakeResponse))
#1 {main}
2015-05-12 12:25:26 Error: Fatal Error (4): syntax error, unexpected '?>', expecting function (T_FUNCTION) in [/opt/lampp/htdocs/ev-frontend/app/Controller/StudentsController.php, line 45]
2015-05-12 12:25:26 Error: [FatalErrorException] syntax error, unexpected '?>', expecting function (T_FUNCTION)
Request URL: /ev-frontend/students/register
Stack Trace:
#0 /opt/lampp/htdocs/ev-frontend/lib/Cake/Error/ErrorHandler.php(213): ErrorHandler::handleFatalError(4, 'syntax error, u...', '/opt/lampp/htdo...', 45)
#1 [internal function]: ErrorHandler::handleError(4, 'syntax error, u...', '/opt/lampp/htdo...', 45, Array)
#2 /opt/lampp/htdocs/ev-frontend/lib/Cake/Core/App.php(931): call_user_func('ErrorHandler::h...', 4, 'syntax error, u...', '/opt/lampp/htdo...', 45, Array)
#3 /opt/lampp/htdocs/ev-frontend/lib/Cake/Core/App.php(904): App::_checkFatalError()
#4 [internal function]: App::shutdown()
#5 {main}
2015-05-12 12:28:18 Error: [MissingControllerException] Controller class UsersController could not be found.
Exception Attributes: array (
  'class' => 'UsersController',
  'plugin' => NULL,
)
Request URL: /ev-frontend/users/login
Stack Trace:
#0 /opt/lampp/htdocs/ev-frontend/app/webroot/index.php(118): Dispatcher->dispatch(Object(CakeRequest), Object(CakeResponse))
#1 {main}
2015-05-12 12:40:29 Error: Fatal Error (1): Class 'AuthComponent' not found in [/opt/lampp/htdocs/ev-frontend/app/Controller/StudentsController.php, line 6]
2015-05-12 12:40:29 Error: [FatalErrorException] Class 'AuthComponent' not found
Request URL: /ev-frontend/students
Stack Trace:
#0 /opt/lampp/htdocs/ev-frontend/lib/Cake/Error/ErrorHandler.php(213): ErrorHandler::handleFatalError(1, 'Class 'AuthComp...', '/opt/lampp/htdo...', 6)
#1 [internal function]: ErrorHandler::handleError(1, 'Class 'AuthComp...', '/opt/lampp/htdo...', 6, Array)
#2 /opt/lampp/htdocs/ev-frontend/lib/Cake/Core/App.php(931): call_user_func('ErrorHandler::h...', 1, 'Class 'AuthComp...', '/opt/lampp/htdo...', 6, Array)
#3 /opt/lampp/htdocs/ev-frontend/lib/Cake/Core/App.php(904): App::_checkFatalError()
#4 [internal function]: App::shutdown()
#5 {main}
2015-05-12 12:41:42 Error: Fatal Error (1): Class 'AuthComponent' not found in [/opt/lampp/htdocs/ev-frontend/app/Controller/StudentsController.php, line 6]
2015-05-12 12:41:42 Error: [FatalErrorException] Class 'AuthComponent' not found
Request URL: /ev-frontend/students
Stack Trace:
#0 /opt/lampp/htdocs/ev-frontend/lib/Cake/Error/ErrorHandler.php(213): ErrorHandler::handleFatalError(1, 'Class 'AuthComp...', '/opt/lampp/htdo...', 6)
#1 [internal function]: ErrorHandler::handleError(1, 'Class 'AuthComp...', '/opt/lampp/htdo...', 6, Array)
#2 /opt/lampp/htdocs/ev-frontend/lib/Cake/Core/App.php(931): call_user_func('ErrorHandler::h...', 1, 'Class 'AuthComp...', '/opt/lampp/htdo...', 6, Array)
#3 /opt/lampp/htdocs/ev-frontend/lib/Cake/Core/App.php(904): App::_checkFatalError()
#4 [internal function]: App::shutdown()
#5 {main}
2015-05-12 12:42:15 Error: Fatal Error (1): Class 'AuthComponent' not found in [/opt/lampp/htdocs/ev-frontend/app/Controller/StudentsController.php, line 6]
2015-05-12 12:42:15 Error: [FatalErrorException] Class 'AuthComponent' not found
Request URL: /ev-frontend/students
Stack Trace:
#0 /opt/lampp/htdocs/ev-frontend/lib/Cake/Error/ErrorHandler.php(213): ErrorHandler::handleFatalError(1, 'Class 'AuthComp...', '/opt/lampp/htdo...', 6)
#1 [internal function]: ErrorHandler::handleError(1, 'Class 'AuthComp...', '/opt/lampp/htdo...', 6, Array)
#2 /opt/lampp/htdocs/ev-frontend/lib/Cake/Core/App.php(931): call_user_func('ErrorHandler::h...', 1, 'Class 'AuthComp...', '/opt/lampp/htdo...', 6, Array)
#3 /opt/lampp/htdocs/ev-frontend/lib/Cake/Core/App.php(904): App::_checkFatalError()
#4 [internal function]: App::shutdown()
#5 {main}
2015-05-12 12:43:03 Error: [MissingControllerException] Controller class UsersController could not be found.
Exception Attributes: array (
  'class' => 'UsersController',
  'plugin' => NULL,
)
Request URL: /ev-frontend/users/login
Stack Trace:
#0 /opt/lampp/htdocs/ev-frontend/app/webroot/index.php(118): Dispatcher->dispatch(Object(CakeRequest), Object(CakeResponse))
#1 {main}
2015-05-12 12:43:09 Error: [MissingControllerException] Controller class UsersController could not be found.
Exception Attributes: array (
  'class' => 'UsersController',
  'plugin' => NULL,
)
Request URL: /ev-frontend/users/login
Stack Trace:
#0 /opt/lampp/htdocs/ev-frontend/app/webroot/index.php(118): Dispatcher->dispatch(Object(CakeRequest), Object(CakeResponse))
#1 {main}
2015-05-12 12:43:27 Error: [MissingControllerException] Controller class UsersController could not be found.
Exception Attributes: array (
  'class' => 'UsersController',
  'plugin' => NULL,
)
Request URL: /ev-frontend/users/login
Stack Trace:
#0 /opt/lampp/htdocs/ev-frontend/app/webroot/index.php(118): Dispatcher->dispatch(Object(CakeRequest), Object(CakeResponse))
#1 {main}
2015-05-12 12:43:51 Error: [MissingControllerException] Controller class UsersController could not be found.
Exception Attributes: array (
  'class' => 'UsersController',
  'plugin' => NULL,
)
Request URL: /ev-frontend/users/login
Stack Trace:
#0 /opt/lampp/htdocs/ev-frontend/app/webroot/index.php(118): Dispatcher->dispatch(Object(CakeRequest), Object(CakeResponse))
#1 {main}
2015-05-12 12:43:57 Error: [MissingControllerException] Controller class StudentController could not be found.
Exception Attributes: array (
  'class' => 'StudentController',
  'plugin' => NULL,
)
Request URL: /ev-frontend/student/login
Stack Trace:
#0 /opt/lampp/htdocs/ev-frontend/app/webroot/index.php(118): Dispatcher->dispatch(Object(CakeRequest), Object(CakeResponse))
#1 {main}
2015-05-12 12:45:02 Error: Fatal Error (1): Class 'AuthComponent' not found in [/opt/lampp/htdocs/ev-frontend/app/Model/Student.php, line 5]
2015-05-12 12:45:02 Error: [FatalErrorException] Class 'AuthComponent' not found
Request URL: /ev-frontend/students/register
Stack Trace:
#0 /opt/lampp/htdocs/ev-frontend/lib/Cake/Error/ErrorHandler.php(213): ErrorHandler::handleFatalError(1, 'Class 'AuthComp...', '/opt/lampp/htdo...', 5)
#1 [internal function]: ErrorHandler::handleError(1, 'Class 'AuthComp...', '/opt/lampp/htdo...', 5, Array)
#2 /opt/lampp/htdocs/ev-frontend/lib/Cake/Core/App.php(931): call_user_func('ErrorHandler::h...', 1, 'Class 'AuthComp...', '/opt/lampp/htdo...', 5, Array)
#3 /opt/lampp/htdocs/ev-frontend/lib/Cake/Core/App.php(904): App::_checkFatalError()
#4 [internal function]: App::shutdown()
#5 {main}
2015-05-12 12:50:37 Error: [MissingControllerException] Controller class UsersController could not be found.
Exception Attributes: array (
  'class' => 'UsersController',
  'plugin' => NULL,
)
Request URL: /ev-frontend/users/login
Stack Trace:
#0 /opt/lampp/htdocs/ev-frontend/app/webroot/index.php(118): Dispatcher->dispatch(Object(CakeRequest), Object(CakeResponse))
#1 {main}
2015-05-12 12:50:50 Error: [MissingControllerException] Controller class UsersController could not be found.
Exception Attributes: array (
  'class' => 'UsersController',
  'plugin' => NULL,
)
Request URL: /ev-frontend/users/login
Stack Trace:
#0 /opt/lampp/htdocs/ev-frontend/app/webroot/index.php(118): Dispatcher->dispatch(Object(CakeRequest), Object(CakeResponse))
#1 {main}
2015-05-12 12:56:30 Error: [CakeException] Authentication adapter "Student" was not found.
Request URL: /ev-frontend/Students
Stack Trace:
#0 /opt/lampp/htdocs/ev-frontend/lib/Cake/Controller/Component/AuthComponent.php(685): AuthComponent->constructAuthenticate()
#1 /opt/lampp/htdocs/ev-frontend/lib/Cake/Controller/Component/AuthComponent.php(304): AuthComponent->_getUser()
#2 [internal function]: AuthComponent->startup(Object(studentsController))
#3 /opt/lampp/htdocs/ev-frontend/lib/Cake/Utility/ObjectCollection.php(128): call_user_func_array(Array, Array)
#4 [internal function]: ObjectCollection->trigger(Object(CakeEvent))
#5 /opt/lampp/htdocs/ev-frontend/lib/Cake/Event/CakeEventManager.php(243): call_user_func(Array, Object(CakeEvent))
#6 /opt/lampp/htdocs/ev-frontend/lib/Cake/Controller/Controller.php(677): CakeEventManager->dispatch(Object(CakeEvent))
#7 /opt/lampp/htdocs/ev-frontend/lib/Cake/Routing/Dispatcher.php(189): Controller->startupProcess()
#8 /opt/lampp/htdocs/ev-frontend/lib/Cake/Routing/Dispatcher.php(167): Dispatcher->_invoke(Object(studentsController), Object(CakeRequest))
#9 /opt/lampp/htdocs/ev-frontend/app/webroot/index.php(118): Dispatcher->dispatch(Object(CakeRequest), Object(CakeResponse))
#10 {main}
2015-05-12 12:58:31 Error: [MissingViewException] View file "students/login.ctp" is missing.
Exception Attributes: array (
  'file' => 'students/login.ctp',
)
Request URL: /ev-frontend/students/login
Stack Trace:
#0 /opt/lampp/htdocs/ev-frontend/lib/Cake/View/View.php(470): View->_getViewFileName(NULL)
#1 /opt/lampp/htdocs/ev-frontend/lib/Cake/Controller/Controller.php(960): View->render(NULL, NULL)
#2 /opt/lampp/htdocs/ev-frontend/lib/Cake/Routing/Dispatcher.php(200): Controller->render()
#3 /opt/lampp/htdocs/ev-frontend/lib/Cake/Routing/Dispatcher.php(167): Dispatcher->_invoke(Object(studentsController), Object(CakeRequest))
#4 /opt/lampp/htdocs/ev-frontend/app/webroot/index.php(118): Dispatcher->dispatch(Object(CakeRequest), Object(CakeResponse))
#5 {main}
2015-05-12 12:59:50 Error: [MissingViewException] View file "students/login.ctp" is missing.
Exception Attributes: array (
  'file' => 'students/login.ctp',
)
Request URL: /ev-frontend/students/login
Stack Trace:
#0 /opt/lampp/htdocs/ev-frontend/lib/Cake/View/View.php(470): View->_getViewFileName(NULL)
#1 /opt/lampp/htdocs/ev-frontend/lib/Cake/Controller/Controller.php(960): View->render(NULL, NULL)
#2 /opt/lampp/htdocs/ev-frontend/lib/Cake/Routing/Dispatcher.php(200): Controller->render()
#3 /opt/lampp/htdocs/ev-frontend/lib/Cake/Routing/Dispatcher.php(167): Dispatcher->_invoke(Object(studentsController), Object(CakeRequest))
#4 /opt/lampp/htdocs/ev-frontend/app/webroot/index.php(118): Dispatcher->dispatch(Object(CakeRequest), Object(CakeResponse))
#5 {main}
2015-05-12 13:01:52 Error: [CakeException] Authentication adapter "Student" was not found.
Request URL: /ev-frontend/students
Stack Trace:
#0 /opt/lampp/htdocs/ev-frontend/lib/Cake/Controller/Component/AuthComponent.php(685): AuthComponent->constructAuthenticate()
#1 /opt/lampp/htdocs/ev-frontend/lib/Cake/Controller/Component/AuthComponent.php(304): AuthComponent->_getUser()
#2 [internal function]: AuthComponent->startup(Object(studentsController))
#3 /opt/lampp/htdocs/ev-frontend/lib/Cake/Utility/ObjectCollection.php(128): call_user_func_array(Array, Array)
#4 [internal function]: ObjectCollection->trigger(Object(CakeEvent))
#5 /opt/lampp/htdocs/ev-frontend/lib/Cake/Event/CakeEventManager.php(243): call_user_func(Array, Object(CakeEvent))
#6 /opt/lampp/htdocs/ev-frontend/lib/Cake/Controller/Controller.php(677): CakeEventManager->dispatch(Object(CakeEvent))
#7 /opt/lampp/htdocs/ev-frontend/lib/Cake/Routing/Dispatcher.php(189): Controller->startupProcess()
#8 /opt/lampp/htdocs/ev-frontend/lib/Cake/Routing/Dispatcher.php(167): Dispatcher->_invoke(Object(studentsController), Object(CakeRequest))
#9 /opt/lampp/htdocs/ev-frontend/app/webroot/index.php(118): Dispatcher->dispatch(Object(CakeRequest), Object(CakeResponse))
#10 {main}
2015-05-12 13:02:19 Error: [MissingViewException] View file "students/login.ctp" is missing.
Exception Attributes: array (
  'file' => 'students/login.ctp',
)
Request URL: /ev-frontend/students/login
Stack Trace:
#0 /opt/lampp/htdocs/ev-frontend/lib/Cake/View/View.php(470): View->_getViewFileName(NULL)
#1 /opt/lampp/htdocs/ev-frontend/lib/Cake/Controller/Controller.php(960): View->render(NULL, NULL)
#2 /opt/lampp/htdocs/ev-frontend/lib/Cake/Routing/Dispatcher.php(200): Controller->render()
#3 /opt/lampp/htdocs/ev-frontend/lib/Cake/Routing/Dispatcher.php(167): Dispatcher->_invoke(Object(studentsController), Object(CakeRequest))
#4 /opt/lampp/htdocs/ev-frontend/app/webroot/index.php(118): Dispatcher->dispatch(Object(CakeRequest), Object(CakeResponse))
#5 {main}
2015-05-12 13:03:16 Error: [CakeException] Authentication adapter "Student" was not found.
Request URL: /ev-frontend/students/login
Stack Trace:
#0 /opt/lampp/htdocs/ev-frontend/lib/Cake/Controller/Component/AuthComponent.php(685): AuthComponent->constructAuthenticate()
#1 /opt/lampp/htdocs/ev-frontend/lib/Cake/Controller/Component/AuthComponent.php(304): AuthComponent->_getUser()
#2 [internal function]: AuthComponent->startup(Object(studentsController))
#3 /opt/lampp/htdocs/ev-frontend/lib/Cake/Utility/ObjectCollection.php(128): call_user_func_array(Array, Array)
#4 [internal function]: ObjectCollection->trigger(Object(CakeEvent))
#5 /opt/lampp/htdocs/ev-frontend/lib/Cake/Event/CakeEventManager.php(243): call_user_func(Array, Object(CakeEvent))
#6 /opt/lampp/htdocs/ev-frontend/lib/Cake/Controller/Controller.php(677): CakeEventManager->dispatch(Object(CakeEvent))
#7 /opt/lampp/htdocs/ev-frontend/lib/Cake/Routing/Dispatcher.php(189): Controller->startupProcess()
#8 /opt/lampp/htdocs/ev-frontend/lib/Cake/Routing/Dispatcher.php(167): Dispatcher->_invoke(Object(studentsController), Object(CakeRequest))
#9 /opt/lampp/htdocs/ev-frontend/app/webroot/index.php(118): Dispatcher->dispatch(Object(CakeRequest), Object(CakeResponse))
#10 {main}
2015-05-12 13:03:24 Error: [MissingViewException] View file "students/login.ctp" is missing.
Exception Attributes: array (
  'file' => 'students/login.ctp',
)
Request URL: /ev-frontend/students/login
Stack Trace:
#0 /opt/lampp/htdocs/ev-frontend/lib/Cake/View/View.php(470): View->_getViewFileName(NULL)
#1 /opt/lampp/htdocs/ev-frontend/lib/Cake/Controller/Controller.php(960): View->render(NULL, NULL)
#2 /opt/lampp/htdocs/ev-frontend/lib/Cake/Routing/Dispatcher.php(200): Controller->render()
#3 /opt/lampp/htdocs/ev-frontend/lib/Cake/Routing/Dispatcher.php(167): Dispatcher->_invoke(Object(studentsController), Object(CakeRequest))
#4 /opt/lampp/htdocs/ev-frontend/app/webroot/index.php(118): Dispatcher->dispatch(Object(CakeRequest), Object(CakeResponse))
#5 {main}
2015-05-12 13:03:28 Error: [MissingViewException] View file "students/login.ctp" is missing.
Exception Attributes: array (
  'file' => 'students/login.ctp',
)
Request URL: /ev-frontend/students/login
Stack Trace:
#0 /opt/lampp/htdocs/ev-frontend/lib/Cake/View/View.php(470): View->_getViewFileName(NULL)
#1 /opt/lampp/htdocs/ev-frontend/lib/Cake/Controller/Controller.php(960): View->render(NULL, NULL)
#2 /opt/lampp/htdocs/ev-frontend/lib/Cake/Routing/Dispatcher.php(200): Controller->render()
#3 /opt/lampp/htdocs/ev-frontend/lib/Cake/Routing/Dispatcher.php(167): Dispatcher->_invoke(Object(studentsController), Object(CakeRequest))
#4 /opt/lampp/htdocs/ev-frontend/app/webroot/index.php(118): Dispatcher->dispatch(Object(CakeRequest), Object(CakeResponse))
#5 {main}
2015-05-12 13:04:09 Error: [MissingViewException] View file "students/login.ctp" is missing.
Exception Attributes: array (
  'file' => 'students/login.ctp',
)
Request URL: /ev-frontend/Students/login
Stack Trace:
#0 /opt/lampp/htdocs/ev-frontend/lib/Cake/View/View.php(470): View->_getViewFileName(NULL)
#1 /opt/lampp/htdocs/ev-frontend/lib/Cake/Controller/Controller.php(960): View->render(NULL, NULL)
#2 /opt/lampp/htdocs/ev-frontend/lib/Cake/Routing/Dispatcher.php(200): Controller->render()
#3 /opt/lampp/htdocs/ev-frontend/lib/Cake/Routing/Dispatcher.php(167): Dispatcher->_invoke(Object(studentsController), Object(CakeRequest))
#4 /opt/lampp/htdocs/ev-frontend/app/webroot/index.php(118): Dispatcher->dispatch(Object(CakeRequest), Object(CakeResponse))
#5 {main}
2015-05-12 13:04:29 Error: [CakeException] Authentication adapter "Student" was not found.
Request URL: /ev-frontend/Students/login
Stack Trace:
#0 /opt/lampp/htdocs/ev-frontend/lib/Cake/Controller/Component/AuthComponent.php(685): AuthComponent->constructAuthenticate()
#1 /opt/lampp/htdocs/ev-frontend/lib/Cake/Controller/Component/AuthComponent.php(304): AuthComponent->_getUser()
#2 [internal function]: AuthComponent->startup(Object(studentsController))
#3 /opt/lampp/htdocs/ev-frontend/lib/Cake/Utility/ObjectCollection.php(128): call_user_func_array(Array, Array)
#4 [internal function]: ObjectCollection->trigger(Object(CakeEvent))
#5 /opt/lampp/htdocs/ev-frontend/lib/Cake/Event/CakeEventManager.php(243): call_user_func(Array, Object(CakeEvent))
#6 /opt/lampp/htdocs/ev-frontend/lib/Cake/Controller/Controller.php(677): CakeEventManager->dispatch(Object(CakeEvent))
#7 /opt/lampp/htdocs/ev-frontend/lib/Cake/Routing/Dispatcher.php(189): Controller->startupProcess()
#8 /opt/lampp/htdocs/ev-frontend/lib/Cake/Routing/Dispatcher.php(167): Dispatcher->_invoke(Object(studentsController), Object(CakeRequest))
#9 /opt/lampp/htdocs/ev-frontend/app/webroot/index.php(118): Dispatcher->dispatch(Object(CakeRequest), Object(CakeResponse))
#10 {main}
2015-05-12 13:04:40 Error: [MissingViewException] View file "students/login.ctp" is missing.
Exception Attributes: array (
  'file' => 'students/login.ctp',
)
Request URL: /ev-frontend/Students/login
Stack Trace:
#0 /opt/lampp/htdocs/ev-frontend/lib/Cake/View/View.php(470): View->_getViewFileName(NULL)
#1 /opt/lampp/htdocs/ev-frontend/lib/Cake/Controller/Controller.php(960): View->render(NULL, NULL)
#2 /opt/lampp/htdocs/ev-frontend/lib/Cake/Routing/Dispatcher.php(200): Controller->render()
#3 /opt/lampp/htdocs/ev-frontend/lib/Cake/Routing/Dispatcher.php(167): Dispatcher->_invoke(Object(studentsController), Object(CakeRequest))
#4 /opt/lampp/htdocs/ev-frontend/app/webroot/index.php(118): Dispatcher->dispatch(Object(CakeRequest), Object(CakeResponse))
#5 {main}
2015-05-12 13:05:33 Error: [MissingViewException] View file "students/login.ctp" is missing.
Exception Attributes: array (
  'file' => 'students/login.ctp',
)
Request URL: /ev-frontend/Students/login
Stack Trace:
#0 /opt/lampp/htdocs/ev-frontend/lib/Cake/View/View.php(470): View->_getViewFileName(NULL)
#1 /opt/lampp/htdocs/ev-frontend/lib/Cake/Controller/Controller.php(960): View->render(NULL, NULL)
#2 /opt/lampp/htdocs/ev-frontend/lib/Cake/Routing/Dispatcher.php(200): Controller->render()
#3 /opt/lampp/htdocs/ev-frontend/lib/Cake/Routing/Dispatcher.php(167): Dispatcher->_invoke(Object(studentsController), Object(CakeRequest))
#4 /opt/lampp/htdocs/ev-frontend/app/webroot/index.php(118): Dispatcher->dispatch(Object(CakeRequest), Object(CakeResponse))
#5 {main}
2015-05-12 13:05:46 Error: [MissingViewException] View file "students/login.ctp" is missing.
Exception Attributes: array (
  'file' => 'students/login.ctp',
)
Request URL: /ev-frontend/students/login
Stack Trace:
#0 /opt/lampp/htdocs/ev-frontend/lib/Cake/View/View.php(470): View->_getViewFileName(NULL)
#1 /opt/lampp/htdocs/ev-frontend/lib/Cake/Controller/Controller.php(960): View->render(NULL, NULL)
#2 /opt/lampp/htdocs/ev-frontend/lib/Cake/Routing/Dispatcher.php(200): Controller->render()
#3 /opt/lampp/htdocs/ev-frontend/lib/Cake/Routing/Dispatcher.php(167): Dispatcher->_invoke(Object(studentsController), Object(CakeRequest))
#4 /opt/lampp/htdocs/ev-frontend/app/webroot/index.php(118): Dispatcher->dispatch(Object(CakeRequest), Object(CakeResponse))
#5 {main}
2015-05-12 13:05:57 Error: [MissingViewException] View file "students/login.ctp" is missing.
Exception Attributes: array (
  'file' => 'students/login.ctp',
)
Request URL: /ev-frontend/students/login
Stack Trace:
#0 /opt/lampp/htdocs/ev-frontend/lib/Cake/View/View.php(470): View->_getViewFileName(NULL)
#1 /opt/lampp/htdocs/ev-frontend/lib/Cake/Controller/Controller.php(960): View->render(NULL, NULL)
#2 /opt/lampp/htdocs/ev-frontend/lib/Cake/Routing/Dispatcher.php(200): Controller->render()
#3 /opt/lampp/htdocs/ev-frontend/lib/Cake/Routing/Dispatcher.php(167): Dispatcher->_invoke(Object(studentsController), Object(CakeRequest))
#4 /opt/lampp/htdocs/ev-frontend/app/webroot/index.php(118): Dispatcher->dispatch(Object(CakeRequest), Object(CakeResponse))
#5 {main}
2015-05-12 13:06:55 Error: [MissingViewException] View file "students/register.ctp" is missing.
Exception Attributes: array (
  'file' => 'students/register.ctp',
)
Request URL: /ev-frontend/students/register
Stack Trace:
#0 /opt/lampp/htdocs/ev-frontend/lib/Cake/View/View.php(470): View->_getViewFileName(NULL)
#1 /opt/lampp/htdocs/ev-frontend/lib/Cake/Controller/Controller.php(960): View->render(NULL, NULL)
#2 /opt/lampp/htdocs/ev-frontend/lib/Cake/Routing/Dispatcher.php(200): Controller->render()
#3 /opt/lampp/htdocs/ev-frontend/lib/Cake/Routing/Dispatcher.php(167): Dispatcher->_invoke(Object(studentsController), Object(CakeRequest))
#4 /opt/lampp/htdocs/ev-frontend/app/webroot/index.php(118): Dispatcher->dispatch(Object(CakeRequest), Object(CakeResponse))
#5 {main}
2015-05-12 13:07:57 Error: [MissingViewException] View file "students/register.ctp" is missing.
Exception Attributes: array (
  'file' => 'students/register.ctp',
)
Request URL: /ev-frontend/students/register
Stack Trace:
#0 /opt/lampp/htdocs/ev-frontend/lib/Cake/View/View.php(470): View->_getViewFileName(NULL)
#1 /opt/lampp/htdocs/ev-frontend/lib/Cake/Controller/Controller.php(960): View->render(NULL, NULL)
#2 /opt/lampp/htdocs/ev-frontend/lib/Cake/Routing/Dispatcher.php(200): Controller->render()
#3 /opt/lampp/htdocs/ev-frontend/lib/Cake/Routing/Dispatcher.php(167): Dispatcher->_invoke(Object(studentsController), Object(CakeRequest))
#4 /opt/lampp/htdocs/ev-frontend/app/webroot/index.php(118): Dispatcher->dispatch(Object(CakeRequest), Object(CakeResponse))
#5 {main}
2015-05-12 13:08:28 Error: [MissingViewException] View file "students/register.ctp" is missing.
Exception Attributes: array (
  'file' => 'students/register.ctp',
)
Request URL: /ev-frontend/students/register
Stack Trace:
#0 /opt/lampp/htdocs/ev-frontend/lib/Cake/View/View.php(470): View->_getViewFileName(NULL)
#1 /opt/lampp/htdocs/ev-frontend/lib/Cake/Controller/Controller.php(960): View->render(NULL, NULL)
#2 /opt/lampp/htdocs/ev-frontend/lib/Cake/Routing/Dispatcher.php(200): Controller->render()
#3 /opt/lampp/htdocs/ev-frontend/lib/Cake/Routing/Dispatcher.php(167): Dispatcher->_invoke(Object(studentsController), Object(CakeRequest))
#4 /opt/lampp/htdocs/ev-frontend/app/webroot/index.php(118): Dispatcher->dispatch(Object(CakeRequest), Object(CakeResponse))
#5 {main}
